<?xml version="1.0" encoding="UTF-8"?>
<!-- Generated by org.testng.reporters.JUnitReportReporter -->
<testsuite hostname="LAPTOP-9EOFU62G" failures="0" tests="1" name="Academy.E2E.Allfields" time="118.089" errors="0" timestamp="2022-07-25T05:58:09 GMT-07:00" skipped="0">
  <testcase classname="Academy.E2E.Allfields" name="basepageNavigation" time="118.089"/>
  <system-out/>
</testsuite> <!-- Academy.E2E.Allfields -->
