<?xml version="1.0" encoding="UTF-8"?>
<!-- Generated by org.testng.reporters.JUnitReportReporter -->
<testsuite hostname="LAPTOP-9EOFU62G" failures="0" tests="1" name="Academy.E2E.withouttoggle" time="42.398" errors="0" timestamp="2022-07-24T22:39:11 GMT-07:00" skipped="0">
  <testcase classname="Academy.E2E.withouttoggle" name="BasepageNavigation2" time="42.398"/>
  <system-out/>
</testsuite> <!-- Academy.E2E.withouttoggle -->
